<?xml version="1.0" encoding="UTF-8"?>
<robot generator="Robot 7.0 (Python 3.12.3 on darwin)" generated="2024-05-03T16:28:16.539688" rpa="false" schemaversion="5">
<suite id="s1" name="3" source="/Users/bense/Documents/proj/ttb-automated-assignment/3.robot">
<test id="s1-t1" name="Get user profile success" line="9">
<kw name="GET" owner="RequestsLibrary">
<msg time="2024-05-03T16:28:17.245395" level="INFO">GET Request : url=https://reqres.in/api/users/12 
 path_url=/api/users/12 
 headers={'User-Agent': 'python-requests/2.31.0', 'Accept-Encoding': 'gzip, deflate', 'Accept': '*/*', 'Connection': 'keep-alive'} 
 body=None 
 </msg>
<msg time="2024-05-03T16:28:17.247167" level="INFO">GET Response : url=https://reqres.in/api/users/12 
 status=200, reason=OK 
 headers={'Date': 'Fri, 03 May 2024 09:28:17 GMT', 'Content-Type': 'application/json; charset=utf-8', 'Transfer-Encoding': 'chunked', 'Connection': 'keep-alive', 'Report-To': '{"group":"heroku-nel","max_age":3600,"endpoints":[{"url":"https://nel.heroku.com/reports?ts=1714728497&amp;sid=c4c9725f-1ab0-44d8-820f-430df2718e11&amp;s=81jMCKpDN0ljvPlWmwSJIRnBhk3oSHl%2FX7bhe5O5M4w%3D"}]}', 'Reporting-Endpoints': 'heroku-nel=https://nel.heroku.com/reports?ts=1714728497&amp;sid=c4c9725f-1ab0-44d8-820f-430df2718e11&amp;s=81jMCKpDN0ljvPlWmwSJIRnBhk3oSHl%2FX7bhe5O5M4w%3D', 'Nel': '{"report_to":"heroku-nel","max_age":3600,"success_fraction":0.005,"failure_fraction":0.05,"response_headers":["Via"]}', 'X-Powered-By': 'Express', 'Access-Control-Allow-Origin': '*', 'Etag': 'W/"11c-Y8Nrcu5DO2DrJvfp3zc2PKGiar4"', 'Via': '1.1 vegur', 'Cache-Control': 'max-age=14400', 'CF-Cache-Status': 'MISS', 'Vary': 'Accept-Encoding', 'Server': 'cloudflare', 'CF-RAY': '87df3850cd2737d6-BKK', 'Content-Encoding': 'gzip'} 
 body={"data":{"id":12,"email":"rachel.howell@reqres.in","first_name":"Rachel","last_name":"Howell","avatar":"https://reqres.in/img/faces/12-image.jpg"},"support":{"url":"https://reqres.in/#support-heading","text":"To keep ReqRes free, contributions towards server costs are appreciated!"}} 
 </msg>
<msg time="2024-05-03T16:28:17.247317" level="INFO">${rsp} = &lt;Response [200]&gt;</msg>
<var>${rsp}</var>
<arg>https://reqres.in/api/users/12</arg>
<arg>expected_status=200</arg>
<doc>Sends a GET request.</doc>
<status status="PASS" start="2024-05-03T16:28:16.587540" elapsed="0.659828"/>
</kw>
<kw name="Should Be True" owner="BuiltIn">
<arg>${rsp.json()}[data][id] == 12</arg>
<doc>Fails if the given condition is not true.</doc>
<status status="PASS" start="2024-05-03T16:28:17.247558" elapsed="0.000648"/>
</kw>
<kw name="Should Be True" owner="BuiltIn">
<arg>'${rsp.json()}[data][email]' == 'rachel.howell@reqres.in'</arg>
<doc>Fails if the given condition is not true.</doc>
<status status="PASS" start="2024-05-03T16:28:17.248389" elapsed="0.000508"/>
</kw>
<kw name="Should Be True" owner="BuiltIn">
<arg>'${rsp.json()}[data][first_name]' == 'Rachel'</arg>
<doc>Fails if the given condition is not true.</doc>
<status status="PASS" start="2024-05-03T16:28:17.249053" elapsed="0.000438"/>
</kw>
<kw name="Should Be True" owner="BuiltIn">
<arg>'${rsp.json()}[data][last_name]' == 'Howell'</arg>
<doc>Fails if the given condition is not true.</doc>
<status status="PASS" start="2024-05-03T16:28:17.249617" elapsed="0.000493"/>
</kw>
<kw name="Should Be True" owner="BuiltIn">
<arg>'${rsp.json()}[data][avatar]' == 'https://reqres.in/img/faces/12-image.jpg'</arg>
<doc>Fails if the given condition is not true.</doc>
<status status="PASS" start="2024-05-03T16:28:17.250227" elapsed="0.000402"/>
</kw>
<status status="PASS" start="2024-05-03T16:28:16.587128" elapsed="0.663651"/>
</test>
<status status="PASS" start="2024-05-03T16:28:16.544266" elapsed="0.707004"/>
</suite>
<statistics>
<total>
<stat pass="1" fail="0" skip="0">All Tests</stat>
</total>
<tag>
</tag>
<suite>
<stat pass="1" fail="0" skip="0" id="s1" name="3">3</stat>
</suite>
</statistics>
<errors>
</errors>
</robot>
